# project  configured on Thu Mar 19 20:15:43 2015 by
# waf 1.7.11 (abi 98, python 20708f0 on linux2)
# using /home/lars/pebble-dev/PebbleSDK-3.0-dp1/Pebble/waf configure build
#
----------------------------------------
Setting top to
/home/lars/pebble-dev/PebbleSDK-3.0-dp1/pebble-fireflies
----------------------------------------
Setting out to
/home/lars/pebble-dev/PebbleSDK-3.0-dp1/pebble-fireflies/build
----------------------------------------
Found Pebble SDK for aplite in:
/home/lars/pebble-dev/PebbleSDK-3.0-dp1/Pebble/aplite
----------------------------------------
Checking for program gcc,cc
arm-none-eabi-gcc
find program=['gcc', 'cc'] paths='' var='CC' -> 'arm-none-eabi-gcc'
----------------------------------------
Checking for program ar
arm-none-eabi-ar
find program=['ar'] paths='' var='AR' -> 'arm-none-eabi-ar'
